[WARN ][10:47:51,842][http-nio-8082-exec-3][ ][ ][ ][/hello/getMeassageByName][cn.sunline.adp.dao.datasource.conn.DefaultDBConnectionManager:415][The current connection has been executed beginTransaction, no need to repeat!]
[INFO ][10:47:51,842][http-nio-8082-exec-3][ ][ ][ ][/hello/getMeassageByName][cn.sunline.adp.core.reloader.ConfigReloaderFactory:133][The current thread starts to bind configuration parameters]
[INFO ][10:47:51,844][http-nio-8082-exec-3][ ][ ][ ][/hello/getMeassageByName][cn.sunline.adp.cedar.engine.online.handler.before.OETLogBeforeProcessHandler:44][
-------------------------business service[hello.getMeassageByName][null][1646189269][demo104749526000000012880][] Start-------------------------]
[INFO ][10:47:51,844][http-nio-8082-exec-3][ ][ ][ ][/hello/getMeassageByName][cn.sunline.adp.cedar.engine.online.handler.before.OETLogBeforeProcessHandler:46][REQ[{output={}, input={name=liubei, unitId=A01}, printer={}, comm_res={}, property={}, link_res={}, header={}, link_req={}, sys={servicecode=/hello/getMeassageByName, busiseqno=1646189269, callseqno=demo104749526000000012880, inservicemark=false, consumersysid=core, consumercallseqno=1646189269, profile={}}, comm_req={bossno=null, call_seq=demo104749526000000012880, maxsubtransno=null, globalTranSeqNo=null, tranno=null, consumercallseqno=1646189269, reversalseqno=null, inservicemark=false, trantimestamp=null, acctno=null, consumersysid=core, busi_seq=1646189269, origsysid=null, origsrvid=null}}]]
[WARN ][10:47:51,934][http-nio-8082-exec-3][ ][ ][ ][/hello/getMeassageByName][com.ctrip.framework.apollo.core.utils.DeferredLogger:324][Could not load config for namespace TEST1.traffic-mesh.properties from Apollo, please check whether the configs are released in Apollo! Return default value now!]
[INFO ][10:47:51,941][http-nio-8082-exec-3][ ][ ][ ][/hello/getMeassageByName][cn.sunline.adp.cedar.engine.online.handler.after.OETSetResponseHeadHandler:37][getTxnTempObjMap:{}]
[INFO ][10:47:51,945][http-nio-8082-exec-3][ ][ ][ ][/hello/getMeassageByName][cn.sunline.adp.dao.datasource.transaction.impl.DefaultTransactionManager$1:93][DB-1[Commit][FRWDB], DB cumulative time [0]]
[INFO ][10:47:51,956][http-nio-8082-exec-3][ ][ ][ ][/hello/getMeassageByName][cn.sunline.adp.cedar.base.logging.TraceLogUtil:74][]
[INFO ][10:47:51,957][http-nio-8082-exec-3][ ][ ][ ][/hello/getMeassageByName][cn.sunline.adp.cedar.engine.online.handler.last.OETDumpDebugInfoHandler:37][
Public run variable assignment
	Field mapping
<transaction start>
<transaction input interface data mapping>
	Field mapping
		name->name=liubei
<transaction attribute interface data mapping>
	Field mapping
<transaction output interface data mapping>
	Field mapping
		name->name=null
		routeProcess->routeProcess=null
Field mapping
	name->name=liubei
Field mapping
	name->name=liubei
	routeProcess->routeProcess=[{port-2=8082}]
<transaction output variable mapping>
	Field mapping
		name->name=liubei
		routeProcess->routeProcess=[{port-2=8082}]
<End of transaction>
<Common response variable output to data area>
	Field mapping
]
[INFO ][10:47:51,957][http-nio-8082-exec-3][ ][ ][ ][/hello/getMeassageByName][cn.sunline.adp.cedar.engine.online.handler.last.OETLogResponseHandler:31][RES[{sys={erortx=\u4EA4\u6613\u6210\u529F, pckgsq=00000000, erorcd=AAAAAAAAAA, status=S, maxsubtransno=}, comm_res={}, output={name=liubei, routeProcess=[{port-2=8082}]}, printer={}}]]
[INFO ][10:47:51,958][http-nio-8082-exec-3][ ][ ][ ][/hello/getMeassageByName][cn.sunline.adp.cedar.engine.online.handler.last.OETLogResponseHandler:45][
-------------------------business service[hello.getMeassageByName][null][1646189269][demo104749526000000012880][] End-------------------------]
